zhaopinzhAndroid/proguard-project.txt
# To enable ProGuard in your project, edit project.properties
# to define the proguard.config property as described in that file.
#
# Add project specific ProGuard rules here.
# By default, the flags in this file are appended to flags specified
# in ${sdk.dir}/tools/proguard/proguard-android.txt
# You can edit the include path and order by changing the ProGuard
# include property in project.properties.
#
# For more details, see
#   http://developer.android.com/guide/developing/tools/proguard.html

# Add any project specific keep options here:
-keepattributes Signature
-keepattributes *Annotation*
# Gson specific classes
-keep class sun.misc.Unsafe { *; }
-keep class com.google.gson.stream.** { *; }
-keep class android.support.v4.** { *; }
-keep class android.support.v4.view.** { *; }
-keep class android.support.v4.accessibilityservice.** { *; }
-keep class android.support.v4.app.** { *; }
-keep class android.support.v4.util.** { *; }
-keep class android.support.v7.** { *; }
-keep class android.support.v7.app.** { *; }
-keep class android.support.v7.widget.** { *; }
-keep class com.baidu.** { *;  }
-keep class com.baidu.location.** {*;}
-keep class vi.com.gdi.bgl.android.**{*;}
-keep public class * extends android.app.Activity                               # 保持哪些类不被混淆
-keep public class * extends android.app.Application                            # 保持哪些类不被混淆
-keep public class * extends android.app.Service                                # 保持哪些类不被混淆
-keep public class * extends android.content.BroadcastReceiver                  # 保持哪些类不被混淆
-keep public class * extends android.content.ContentProvider                    # 保持哪些类不被混淆
-keep public class * extends android.app.backup.BackupAgentHelper               # 保持哪些类不被混淆
-keep public class * extends android.preference.Preference                      # 保持哪些类不被混淆
-keep public class com.android.vending.licensing.ILicensingService              # 保持哪些类不被混淆

-keepclasseswithmembers class * {
public <init>(android.content.Context, android.util.AttributeSet);
}
-keepclassmembers class * extends android.app.Activity {
public void *(android.view.View);
}
-keepclassmembers enum * {
public static **[] values();
public static ** valueOf(java.lang.String);
}
-keep class * implements android.os.Parcelable {
public static final android.os.Parcelable$Creator *;
}

-libraryjars libs/android-async-http-1.4.3.jar

-dontwarn com.loopj.android.http.**

-keep class com.loopj.android.http.** {*; }

-libraryjars libs/gson-2.2.4.jar

-libraryjars libs/pushservice-3.2.0.jar

-libraryjars libs/umeng-analytics-v5.2.4.jar

-libraryjars libs/locSDK_3.1.jar

-libraryjars libs/baidumapapi_v3_1_0.jar

-libraryjars libs/weibosdk.jar

-libraryjars libs/weibosdkcore.jar

-libraryjars libs/tencentweibocomponent.jar

-libraryjars libs/tencentweibosdk.jar

-libraryjars libs/commons-httpclient-3.0.1.jar

-keep class com.sina.** {*; }

-keep class com.tencent.weibo.sdk.**{*;}

-dontwarn org.apache.commons.httpclient.**
-keep class org.apache.commons.httpclient.** {*; }

-dontwarn com.baidu.**
-keep class com.baidu.**{*;}

-dontwarn assert.frontia_plugin.**
-keep class assert.frontia_plugin.**{*;}

-dontwarn com.google.gson.**

-keep class com.google.gson.** {*; }

-dontwarn com.google.gson.**

-keep class com.weiyitech.zhaopinzh.presentation.activity.** {*;}

-keep class com.weiyitech.zhaopinzh.presentation.component.DictionaryProvider

-keep class com.weiyitech.zhaopinzh.presentation.component.MessageProvider

-keep class com.weiyitech.zhaopinzh.presentation.component.MapAddressDictionaryProvider

-keep class com.weiyitech.zhaopinzh.presentation.component.MyPushMessageReceiver

-keep class com.weiyitech.zhaopinzh.ZhaopinzhApp

-keep class com.weiyitech.zhaopinzh.business.** { *;}


-keep class com.weiyitech.zhaopinzh.exception.** { *;}

-keep class com.weiyitech.zhaopinzh.struct.** { *;}


# If your project uses WebView with JS, uncomment the following
# and specify the fully qualified class name to the JavaScript interface
# class:
#-keepclassmembers class fqcn.of.javascript.interface.for.webview {
#   public *;
#}