zhaopinzhAndroid/proguard_logs/seeds.txt
com.weiyitech.zhaopinzh.presentation.R$anim: int abc_fade_in
com.weiyitech.zhaopinzh.presentation.R$anim: int abc_fade_out
com.weiyitech.zhaopinzh.presentation.R$anim: int abc_slide_in_bottom
com.weiyitech.zhaopinzh.presentation.R$anim: int abc_slide_in_top
com.weiyitech.zhaopinzh.presentation.R$anim: int abc_slide_out_bottom
com.weiyitech.zhaopinzh.presentation.R$anim: int abc_slide_out_top
com.weiyitech.zhaopinzh.presentation.R$anim: int accelerate_gone
com.weiyitech.zhaopinzh.presentation.R$anim: int decelerate_in
com.weiyitech.zhaopinzh.presentation.R$anim: int in_from_left
com.weiyitech.zhaopinzh.presentation.R$anim: int in_from_right
com.weiyitech.zhaopinzh.presentation.R$anim: int out_to_left
com.weiyitech.zhaopinzh.presentation.R$anim: int out_to_right
com.weiyitech.zhaopinzh.presentation.R$anim: int rotate
com.weiyitech.zhaopinzh.presentation.R$anim: int rotate_180
com.weiyitech.zhaopinzh.presentation.R$array: int campus_activity_fragment_name_list
com.weiyitech.zhaopinzh.presentation.R$array: int home_activity_fragment_name_list
com.weiyitech.zhaopinzh.presentation.R$array: int job_action_list
com.weiyitech.zhaopinzh.presentation.R$array: int net_job_action_list
com.weiyitech.zhaopinzh.presentation.R$array: int net_job_concise_activity_fragment_name_list
com.weiyitech.zhaopinzh.presentation.R$array: int portrait_setting_name_list
com.weiyitech.zhaopinzh.presentation.R$array: int preach_action_list
com.weiyitech.zhaopinzh.presentation.R$array: int zhaopinzh_job_concise_activity_fragment_name_list
com.weiyitech.zhaopinzh.presentation.R$attr: int actionBarDivider
com.weiyitech.zhaopinzh.presentation.R$attr: int actionBarItemBackground
com.weiyitech.zhaopinzh.presentation.R$attr: int actionBarSize
com.weiyitech.zhaopinzh.presentation.R$attr: int actionBarSplitStyle
com.weiyitech.zhaopinzh.presentation.R$attr: int actionBarStyle
com.weiyitech.zhaopinzh.presentation.R$attr: int actionBarTabBarStyle
com.weiyitech.zhaopinzh.presentation.R$attr: int actionBarTabStyle
com.weiyitech.zhaopinzh.presentation.R$attr: int actionBarTabTextStyle
com.weiyitech.zhaopinzh.presentation.R$attr: int actionBarWidgetTheme
com.weiyitech.zhaopinzh.presentation.R$attr: int actionButtonStyle
com.weiyitech.zhaopinzh.presentation.R$attr: int actionDropDownStyle
com.weiyitech.zhaopinzh.presentation.R$attr: int actionLayout
com.weiyitech.zhaopinzh.presentation.R$attr: int actionMenuTextAppearance
com.weiyitech.zhaopinzh.presentation.R$attr: int actionMenuTextColor
com.weiyitech.zhaopinzh.presentation.R$attr: int actionModeBackground
com.weiyitech.zhaopinzh.presentation.R$attr: int actionModeCloseButtonStyle
com.weiyitech.zhaopinzh.presentation.R$attr: int actionModeCloseDrawable
com.weiyitech.zhaopinzh.presentation.R$attr: int actionModeCopyDrawable
com.weiyitech.zhaopinzh.presentation.R$attr: int actionModeCutDrawable
com.weiyitech.zhaopinzh.presentation.R$attr: int actionModeFindDrawable
com.weiyitech.zhaopinzh.presentation.R$attr: int actionModePasteDrawable
com.weiyitech.zhaopinzh.presentation.R$bool: int abc_action_bar_embed_tabs_pre_jb
com.weiyitech.zhaopinzh.presentation.R$bool: int abc_action_bar_expanded_action_views_exclusive
com.weiyitech.zhaopinzh.presentation.R$bool: int abc_config_actionMenuItemAllCaps
com.weiyitech.zhaopinzh.presentation.R$bool: int abc_config_allowActionMenuItemTextWithIcon
com.weiyitech.zhaopinzh.presentation.R$bool: int abc_config_showMenuShortcutsWhenKeyboardPresent
com.weiyitech.zhaopinzh.presentation.R$bool: int abc_split_action_bar_is_narrow
...
com.weiyitech.zhaopinzh.util.weibo.sina.SinaLoginButton
com.weiyitech.zhaopinzh.util.weibo.sina.SinaLoginButton: SinaLoginButton(android.content.Context,android.util.AttributeSet)
com.weiyitech.zhaopinzh.util.weibo.tencent.TencentLoginButton
com.weiyitech.zhaopinzh.util.weibo.tencent.TencentLoginButton: TencentLoginButton(android.content.Context,android.util.AttributeSet)
org.apache.commons.httpclient.AutoCloseInputStream
org.apache.commons.httpclient.AutoCloseInputStream: boolean streamOpen
org.apache.commons.httpclient.AutoCloseInputStream: boolean selfClosed
org.apache.commons.httpclient.AutoCloseInputStream: org.apache.commons.httpclient.ResponseConsumedWatcher watcher
org.apache.commons.httpclient.AutoCloseInputStream: AutoCloseInputStream(java.io.InputStream,org.apache.commons.httpclient.ResponseConsumedWatcher)
org.apache.commons.httpclient.AutoCloseInputStream: int read()
org.apache.commons.httpclient.AutoCloseInputStream: int read(byte[],int,int)
org.apache.commons.httpclient.AutoCloseInputStream: int read(byte[])
org.apache.commons.httpclient.AutoCloseInputStream: void close()
org.apache.commons.httpclient.AutoCloseInputStream: void checkClose(int)
org.apache.commons.httpclient.AutoCloseInputStream: boolean isReadAllowed()
org.apache.commons.httpclient.AutoCloseInputStream: void notifyWatcher()
org.apache.commons.httpclient.ChunkedInputStream
org.apache.commons.httpclient.ChunkedInputStream: java.io.InputStream in
org.apache.commons.httpclient.ChunkedInputStream: int chunkSize
org.apache.commons.httpclient.ChunkedInputStream: int pos
org.apache.commons.httpclient.ChunkedInputStream: boolean bof
org.apache.commons.httpclient.ChunkedInputStream: boolean eof
org.apache.commons.httpclient.ChunkedInputStream: boolean closed
org.apache.commons.httpclient.ChunkedInputStream: org.apache.commons.httpclient.HttpMethod method
org.apache.commons.httpclient.ChunkedInputStream: org.apache.commons.logging.Log LOG
org.apache.commons.httpclient.ChunkedInputStream: java.lang.Class class$org$apache$commons$httpclient$ChunkedInputStream
org.apache.commons.httpclient.ChunkedInputStream: ChunkedInputStream(java.io.InputStream,org.apache.commons.httpclient.HttpMethod)
org.apache.commons.httpclient.ChunkedInputStream: ChunkedInputStream(java.io.InputStream)
org.apache.commons.httpclient.ChunkedInputStream: int read()
org.apache.commons.httpclient.ChunkedInputStream: int read(byte[],int,int)
org.apache.commons.httpclient.ChunkedInputStream: int read(byte[])
org.apache.commons.httpclient.ChunkedInputStream: void readCRLF()
org.apache.commons.httpclient.ChunkedInputStream: void nextChunk()
org.apache.commons.httpclient.ChunkedInputStream: int getChunkSizeFromInputStream(java.io.InputStream)
org.apache.commons.httpclient.ChunkedInputStream: void parseTrailerHeaders()