zhaopinzhAndroid/proguard_logs/mapping.txt
com.weiyitech.zhaopinzh.presentation.R -> com.weiyitech.zhaopinzh.presentation.a:
com.weiyitech.zhaopinzh.presentation.R$styleable -> com.weiyitech.zhaopinzh.presentation.b:
    int[] ActionBar -> ActionBar
    int ActionBar_background -> ActionBar_background
    int ActionBar_backgroundSplit -> ActionBar_backgroundSplit
    int ActionBar_backgroundStacked -> ActionBar_backgroundStacked
    int ActionBar_customNavigationLayout -> ActionBar_customNavigationLayout
    int ActionBar_displayOptions -> ActionBar_displayOptions
    int ActionBar_divider -> ActionBar_divider
    int ActionBar_height -> ActionBar_height
    int ActionBar_homeLayout -> ActionBar_homeLayout
    int ActionBar_icon -> ActionBar_icon
    int ActionBar_indeterminateProgressStyle -> ActionBar_indeterminateProgressStyle
    int ActionBar_itemPadding -> ActionBar_itemPadding
    int ActionBar_logo -> ActionBar_logo
    int ActionBar_navigationMode -> ActionBar_navigationMode
    int ActionBar_progressBarPadding -> ActionBar_progressBarPadding
    int ActionBar_progressBarStyle -> ActionBar_progressBarStyle
    int ActionBar_subtitle -> ActionBar_subtitle
    int ActionBar_subtitleTextStyle -> ActionBar_subtitleTextStyle
    int ActionBar_title -> ActionBar_title
    int ActionBar_titleTextStyle -> ActionBar_titleTextStyle
    int[] ActionBarLayout -> ActionBarLayout
    int ActionBarLayout_android_layout_gravity -> ActionBarLayout_android_layout_gravity
    int[] ActionBarWindow -> ActionBarWindow
com.weiyitech.zhaopinzh.presentation.activity.AdvertisementActivity -> com.weiyitech.zhaopinzh.presentation.activity.AdvertisementActivity:
    com.weiyitech.zhaopinzh.util.imageviewpager.ImageViewPager imageViewPager -> imageViewPager
    android.support.v4.view.ViewPager viewPager -> viewPager
    android.widget.RelativeLayout m_marketLayout -> m_marketLayout
    android.widget.RelativeLayout m_campusRelativeLayout -> m_campusRelativeLayout
    android.widget.RelativeLayout m_netRelativeLayout -> m_netRelativeLayout
    android.widget.RelativeLayout m_talkRelativeLayout -> m_talkRelativeLayout
    android.widget.ImageView m_marketHintImageView -> m_marketHintImageView
    android.widget.ImageView m_campusHintImageView -> m_campusHintImageView
    android.widget.TextView m_marketHintTextView -> m_marketHintTextView
    android.widget.TextView m_campusHintTextView -> m_campusHintTextView
    com.navdrawer.SimpleSideDrawer mNav -> mNav
    java.util.List dotViews -> dotViews
    java.util.List imageViewList -> imageViewList
    com.weiyitech.zhaopinzh.util.imageviewpager.ImageViewPagerAdapter imageViewPagerAdapter -> imageViewPagerAdapter
    android.os.Handler handler -> handler
    boolean exitVal -> exitVal
    void onCreate(android.os.Bundle) -> onCreate
    void getDataFromBusiness(int,java.lang.Object,int[]) -> getDataFromBusiness
    void setOverflowIconVisible(int,android.view.Menu) -> setOverflowIconVisible
com.weiyitech.zhaopinzh.presentation.activity.AdvertisementActivity$1 -> com.weiyitech.zhaopinzh.presentation.activity.AdvertisementActivity$1:
    com.weiyitech.zhaopinzh.presentation.activity.AdvertisementActivity this$0 -> this$0
    void handleMessage(android.os.Message) -> handleMessage
com.weiyitech.zhaopinzh.presentation.activity.AdvertisementActivity$1$1 -> com.weiyitech.zhaopinzh.presentation.activity.AdvertisementActivity$1$1:
    com.weiyitech.zhaopinzh.presentation.activity.AdvertisementActivity$1 this$1 -> this$1
    void onClick(android.view.View) -> onClick
com.weiyitech.zhaopinzh.presentation.activity.AdvertisementActivity$2 -> com.weiyitech.zhaopinzh.presentation.activity.AdvertisementActivity$2:
    java.lang.Class val$cls -> val$cls
    android.view.View val$view -> val$view
    android.view.animation.ScaleAnimation val$animation -> val$animation
    com.weiyitech.zhaopinzh.presentation.activity.AdvertisementActivity this$0 -> this$0
    void onClick(android.view.View) -> onClick
...
com.tencent.weibo.sdk.android.network.HttpCallback -> com.tencent.weibo.sdk.android.network.HttpCallback:
    void onResult(java.lang.Object) -> onResult
com.tencent.weibo.sdk.android.network.HttpConfig -> com.tencent.weibo.sdk.android.network.HttpConfig:
    java.lang.String CRM_SERVER_NAME -> CRM_SERVER_NAME
    int CRM_SERVER_PORT -> CRM_SERVER_PORT
com.tencent.weibo.sdk.android.network.HttpReq -> com.tencent.weibo.sdk.android.network.HttpReq:
    java.lang.String GET -> GET
    java.lang.String POST -> POST
    java.lang.String mHost -> mHost
    int mPort -> mPort
    java.lang.String mUrl -> mUrl
    java.lang.String mMethod -> mMethod
    com.tencent.weibo.sdk.android.network.ReqParam mParam -> mParam
    com.tencent.weibo.sdk.android.network.HttpCallback mCallBack -> mCallBack
    int mServiceTag -> mServiceTag
    void setServiceTag(int) -> setServiceTag
    int getServiceTag() -> getServiceTag
    com.tencent.weibo.sdk.android.network.HttpCallback getCallBack() -> getCallBack
    void setReq(org.apache.commons.httpclient.HttpMethod) -> setReq
    java.lang.Object processResponse(java.io.InputStream) -> processResponse
    void setParam(com.tencent.weibo.sdk.android.network.ReqParam) -> setParam
    void addParam(java.lang.String,java.lang.String) -> addParam
    void addParam(java.lang.String,java.lang.Object) -> addParam
    java.lang.Object runReq() -> runReq
    java.io.InputStream picMethod() -> picMethod
    java.lang.String decode(java.lang.String) -> decode
    java.io.InputStream readHttpResponse(org.apache.http.HttpResponse) -> readHttpResponse
    void onPreExecute() -> onPreExecute
    java.lang.Object doInBackground(java.lang.Void[]) -> doInBackground
    void onPostExecute(java.lang.Object) -> onPostExecute
    void onCancelled() -> onCancelled
com.tencent.weibo.sdk.android.network.HttpReq$UTF8PostMethod -> com.tencent.weibo.sdk.android.network.HttpReq$UTF8PostMethod:
    java.lang.String getRequestCharSet() -> getRequestCharSet
com.tencent.weibo.sdk.android.network.HttpReqWeiBo -> com.tencent.weibo.sdk.android.network.HttpReqWeiBo:
    java.lang.Class mTargetClass -> mTargetClass
    java.lang.Class mTargetClass2 -> mTargetClass2
    java.lang.Integer mResultType -> mResultType
    android.content.Context mContext -> mContext
    void setmTargetClass(java.lang.Class) -> setmTargetClass
    void setmTargetClass2(java.lang.Class) -> setmTargetClass2
    void setmResultType(java.lang.Integer) -> setmResultType
    java.lang.Object processResponse(java.io.InputStream) -> processResponse
    void setReq(org.apache.commons.httpclient.HttpMethod) -> setReq
    void setReq(java.lang.String) -> setReq
com.tencent.weibo.sdk.android.network.HttpService -> com.tencent.weibo.sdk.android.network.HttpService:
    int TAG_RUNNING -> TAG_RUNNING
    int TAG_WAITTING -> TAG_WAITTING
    java.util.List mWaitReqList -> mWaitReqList
    java.util.List mRunningReqList -> mRunningReqList
    com.tencent.weibo.sdk.android.network.HttpService instance -> instance
    int mThreadNum -> mThreadNum
    com.tencent.weibo.sdk.android.network.HttpService getInstance() -> getInstance
    void addImmediateReq(com.tencent.weibo.sdk.android.network.HttpReq) -> addImmediateReq
    void addNormalReq(com.tencent.weibo.sdk.android.network.HttpReq) -> addNormalReq
    void cancelReq(com.tencent.weibo.sdk.android.network.HttpReq) -> cancelReq
    void cancelAllReq() -> cancelAllReq
    void SetAsynchronousTaskNum(int) -> SetAsynchronousTaskNum
    void onReqFinish(com.tencent.weibo.sdk.android.network.HttpReq) -> onReqFinish