zhaopinzhAndroid/proguard_logs/usage.txt
com.weiyitech.zhaopinzh.presentation.BuildConfig
com.weiyitech.zhaopinzh.presentation.Manifest
com.weiyitech.zhaopinzh.presentation.Manifest$permission
com.weiyitech.zhaopinzh.presentation.R:
    10:10:public R()
com.weiyitech.zhaopinzh.presentation.R$anim
com.weiyitech.zhaopinzh.presentation.R$array
com.weiyitech.zhaopinzh.presentation.R$attr
com.weiyitech.zhaopinzh.presentation.R$bool
com.weiyitech.zhaopinzh.presentation.R$color
com.weiyitech.zhaopinzh.presentation.R$dimen
com.weiyitech.zhaopinzh.presentation.R$drawable
com.weiyitech.zhaopinzh.presentation.R$id
com.weiyitech.zhaopinzh.presentation.R$integer
com.weiyitech.zhaopinzh.presentation.R$layout
com.weiyitech.zhaopinzh.presentation.R$menu
com.weiyitech.zhaopinzh.presentation.R$string
com.weiyitech.zhaopinzh.presentation.R$style
com.weiyitech.zhaopinzh.presentation.R$styleable:
    2221:2221:public R$styleable()
com.weiyitech.zhaopinzh.presentation.R$xml
com.weiyitech.zhaopinzh.presentation.adapter.AdvertisementListAdapter
com.weiyitech.zhaopinzh.presentation.adapter.AllFavoriteListAdapter:
    60:61:public void setFlagBusy(boolean)
com.weiyitech.zhaopinzh.presentation.adapter.AllFavoriteListAdapter$ViewHolderNetJob:
    public android.widget.ImageView employerLogoImgView
    public android.widget.TextView timeTextView
    public android.widget.TextView jobCountsTxtView
com.weiyitech.zhaopinzh.presentation.adapter.AllFavoriteListAdapter$ViewHolderPreach:
    public android.widget.ImageView employerLogoImgView
com.weiyitech.zhaopinzh.presentation.adapter.AllFavoriteListAdapter$ViewHolderRunEmployer:
    public android.widget.ImageView employerLogoImgView
    public boolean overflowed
com.weiyitech.zhaopinzh.presentation.adapter.CommentListAdapter:
    public int total
com.weiyitech.zhaopinzh.presentation.adapter.FairJobListAdapter$ViewHolder:
    public android.widget.ImageView employerLogoImgView
    public android.widget.ImageButton trafficImgBtn
    public android.widget.ImageButton standImgBtn
    public android.widget.ImageButton overflowImgBtn
    public boolean overflowed
com.weiyitech.zhaopinzh.presentation.adapter.FairJobsScreenSlidePagerAdapter:
    43:43:public android.content.Context getContext()
com.weiyitech.zhaopinzh.presentation.adapter.FavoriteListAdapter:
    56:57:public void setFlagBusy(boolean)
com.weiyitech.zhaopinzh.presentation.adapter.FavoriteListAdapter$ViewHolder:
    public android.widget.ImageView employerLogoImgView
    public boolean overflowed
com.weiyitech.zhaopinzh.presentation.adapter.JobConciseAdapter
com.weiyitech.zhaopinzh.presentation.adapter.JobConciseAdapter$1
com.weiyitech.zhaopinzh.presentation.adapter.JobConciseAdapter$ViewHolder
com.weiyitech.zhaopinzh.presentation.adapter.JobListAdapter$ViewHolder:
    public android.widget.ImageView employerLogoImgView
    public android.widget.ImageButton trafficImgBtn
    public android.widget.ImageButton standImgBtn
    public android.widget.ImageButton overflowImgBtn
    public boolean overflowed
com.weiyitech.zhaopinzh.presentation.adapter.JobViewPagerAdapter
com.weiyitech.zhaopinzh.presentation.adapter.NetJobFavoriteListAdapter:
    45:46:public void setFlagBusy(boolean)
com.weiyitech.zhaopinzh.presentation.adapter.NetJobFavoriteListAdapter$ViewHolder:
    public android.widget.ImageView employerLogoImgView
    public android.widget.TextView timeTextView
    public android.widget.TextView jobCountsTxtView
com.weiyitech.zhaopinzh.presentation.adapter.NetJobListAdapter$ViewHolder:
    public android.widget.ImageView employerLogoImgView
    public android.widget.TextView jobCountsTxtView
com.weiyitech.zhaopinzh.presentation.adapter.NetJobScreenSlidePagerAdapter:
    42:42:public android.content.Context getContext()
com.weiyitech.zhaopinzh.presentation.adapter.PreachFavoriteListAdapter:
    46:47:public void setFlagBusy(boolean)
...
u.aly.ce
u.aly.cf:
    private static final long a
    43:44:public cf(java.lang.String,java.lang.Throwable)
u.aly.cg:
    public abstract java.lang.String b()
u.aly.ch
u.aly.ci:
    97:99:public java.lang.String a(u.aly.bz,java.lang.String)
    112:112:public java.lang.String b(u.aly.bz)
u.aly.cj:
    56:58:protected cj(u.aly.cg,java.lang.Object)
    60:66:protected cj(u.aly.cj)
    69:80:private static java.lang.Object a(java.lang.Object)
    85:89:private static java.util.Map a(java.util.Map)
    93:97:private static java.util.Set a(java.util.Set)
    101:105:private static java.util.List a(java.util.List)
    117:121:public java.lang.Object b(u.aly.cg)
    125:125:public java.lang.Object c(int)
    129:129:public boolean l()
    133:133:public boolean c(u.aly.cg)
    137:137:public boolean d(int)
    145:148:public void b(u.aly.cg,java.lang.Object)
    151:152:public void a(int,java.lang.Object)
    protected abstract void a(u.aly.cg,java.lang.Object)
    206:208:public final void b()
u.aly.cl:
    63:72:public static java.util.Map a(java.lang.Class)
u.aly.cm:
    47:52:public cm(byte,java.lang.String)
    55:55:public boolean a()
    59:59:public java.lang.String b()
    63:63:public boolean c()
    67:67:public boolean d()
    71:71:public boolean e()
u.aly.cp
u.aly.cr:
    protected static final int a
    protected static final int b
    85:86:public cr(u.aly.dm)
    95:105:public void a(u.aly.cw)
    107:107:public void a()
    140:142:public void a(u.aly.dc)
    144:144:public void g()
    210:221:public u.aly.cw h()
    225:225:public void i()
u.aly.cs:
    private static final byte h
    private static final byte i
    private static final byte j
    private static final byte k
    private static final int l
    152:153:public cs(u.aly.dm)
    170:174:public void a(u.aly.cw)
    266:267:public void a(u.aly.dc)
    353:353:public void a()
    356:356:public void g()
    473:485:public u.aly.cw h()
    701:701:public void i()
u.aly.cs$a:
    74:76:public cs$a(int)
u.aly.cs$b
u.aly.ct:
    46:46:public boolean a(u.aly.ct)
u.aly.cw
u.aly.cx
u.aly.cy:
    41:41:private cy()
    59:59:public u.aly.dm C()
    public abstract void a(u.aly.cw)
    public abstract void a()
    public abstract void a(u.aly.dc)
    public abstract void g()
    public abstract void a(byte)
    public abstract u.aly.cw h()
    public abstract void i()
u.aly.cz:
    private static final long h
    public static final int a
    public static final int b
    public static final int c
    public static final int d
    public static final int e
    public static final int f
    46:48:public cz(int)
    51:53:public cz(int,java.lang.String)
    60:62:public cz(int,java.lang.Throwable)
    65:66:public cz(java.lang.Throwable)
    69:70:public cz(java.lang.String,java.lang.Throwable)
    73:75:public cz(int,java.lang.String,java.lang.Throwable)
    78:78:public int a()
u.aly.d:
    46:47:public void a(long)
    104:104:public java.lang.String c()
u.aly.db:
    29:29:public db()
    49:50:public static void a(int)
    171:194:public static u.aly.da a(byte[],u.aly.da)
u.aly.de:
    41:42:public de(u.aly.dm)
u.aly.de$a
u.aly.df
u.aly.dk:
    52:54:public dk(java.io.InputStream)
    71:74:public dk(java.io.InputStream,java.io.OutputStream)
    83:83:public boolean a()
    89:89:public void b()
    95:111:public void c()
    150:158:public void d()
u.aly.dl:
    30:32:public dl(byte[])
    34:36:public dl(byte[],int,int)
    53:53:public void c()
    57:57:public boolean a()
    61:61:public void b()
u.aly.dm:
    public abstract boolean a()
    42:42:public boolean i()
    public abstract void b()
    public abstract void c()
    125:125:public void d()